----------------------------------------------------------------
Thu Apr 21 10:03:07 CEST 2016:
Booting Derby version The Apache Software Foundation - Apache Derby - 10.12.1.1 - (1704137): instance a816c00e-0154-37d8-1107-0000039119d0 
on database directory memory:D:\FamilyTree\FamilyTree\FamilyTree\MrrgCtlg-test with class loader sun.misc.Launcher$AppClassLoader@75b84c92 
Loaded from file:/C:/Users/Peter/.m2/repository/org/apache/derby/derby/10.12.1.1/derby-10.12.1.1.jar
java.vendor=Oracle Corporation
java.runtime.version=1.8.0_73-b02
user.dir=D:\FamilyTree\FamilyTree\FamilyTree
os.name=Windows 7
os.arch=amd64
os.version=6.1
derby.system.home=null
Database Class Loader started - derby.database.classpath=''
----------------------------------------------------------------
Thu Apr 21 10:03:09 CEST 2016:
Booting Derby version The Apache Software Foundation - Apache Derby - 10.12.1.1 - (1704137): instance 85ad4247-0154-37d8-1107-0000039119d0 
on database directory memory:D:\FamilyTree\FamilyTree\FamilyTree\PersonMngr-test with class loader sun.misc.Launcher$AppClassLoader@75b84c92 
Loaded from file:/C:/Users/Peter/.m2/repository/org/apache/derby/derby/10.12.1.1/derby-10.12.1.1.jar
java.vendor=Oracle Corporation
java.runtime.version=1.8.0_73-b02
user.dir=D:\FamilyTree\FamilyTree\FamilyTree
os.name=Windows 7
os.arch=amd64
os.version=6.1
derby.system.home=null
Database Class Loader started - derby.database.classpath=''
----------------------------------------------------------------
Thu Apr 21 10:03:10 CEST 2016:
Booting Derby version The Apache Software Foundation - Apache Derby - 10.12.1.1 - (1704137): instance e6b0437f-0154-37d8-1107-0000039119d0 
on database directory memory:D:\FamilyTree\FamilyTree\FamilyTree\FamilyTreeMngr-test with class loader sun.misc.Launcher$AppClassLoader@75b84c92 
Loaded from file:/C:/Users/Peter/.m2/repository/org/apache/derby/derby/10.12.1.1/derby-10.12.1.1.jar
java.vendor=Oracle Corporation
java.runtime.version=1.8.0_73-b02
user.dir=D:\FamilyTree\FamilyTree\FamilyTree
os.name=Windows 7
os.arch=amd64
os.version=6.1
derby.system.home=null
Database Class Loader started - derby.database.classpath=''
